2022-05-19T12:44:16.641Z-[INFO]-Server IS running on port 3000
2022-05-19T12:44:51.179Z-[INFO]-[object SequelizeInstance:Post]
2022-05-19T12:45:30.835Z-[INFO]-[object Object]
2022-05-19T12:45:55.711Z-[INFO]-Server IS running on port 3000
2022-05-19T12:46:51.924Z-[INFO]-null
2022-05-19T12:48:53.401Z-[INFO]-Server IS running on port 3000
2022-05-19T12:49:03.309Z-[INFO]-Server IS running on port 3000
2022-05-19T12:49:07.568Z-[INFO]-Server IS running on port 3000
2022-05-19T12:49:12.029Z-[INFO]-Server IS running on port 3000
2022-05-19T12:49:18.179Z-[INFO]-Server IS running on port 3000
2022-05-19T12:50:15.472Z-[INFO]-Server IS running on port 3000
2022-05-19T12:50:50.558Z-[INFO]-Server IS running on port 3000
2022-05-19T12:50:52.743Z-[INFO]-Server IS running on port 3000
2022-05-19T12:50:56.739Z-[INFO]-Server IS running on port 3000
2022-05-19T12:51:14.677Z-[INFO]-Server IS running on port 3000
2022-05-19T12:51:16.978Z-[INFO]-Server IS running on port 3000
2022-05-19T12:51:35.048Z-[INFO]-Server IS running on port 3000
2022-05-19T12:51:37.829Z-[INFO]-Server IS running on port 3000
2022-05-19T12:51:48.706Z-[INFO]-Server IS running on port 3000
2022-05-19T12:51:54.458Z-[INFO]-Server IS running on port 3000
2022-05-19T12:51:59.102Z-[INFO]-Server IS running on port 3000
2022-05-19T12:52:11.339Z-[INFO]-Server IS running on port 3000
2022-05-19T12:52:19.992Z-[INFO]-Server IS running on port 3000
2022-05-19T12:52:31.978Z-[INFO]-Server IS running on port 3000
2022-05-19T12:52:37.234Z-[INFO]-Server IS running on port 3000
2022-05-19T12:52:40.437Z-[INFO]-Server IS running on port 3000
2022-05-19T12:52:48.494Z-[INFO]-Server IS running on port 3000
2022-05-19T12:52:52.189Z-[INFO]-Server IS running on port 3000
2022-05-19T12:52:58.762Z-[INFO]-Server IS running on port 3000
2022-05-19T12:53:02.469Z-[INFO]-Server IS running on port 3000
2022-05-19T12:53:07.481Z-[INFO]-Server IS running on port 3000
2022-05-19T12:53:09.829Z-[INFO]-Server IS running on port 3000
2022-05-19T12:53:15.557Z-[INFO]-Server IS running on port 3000
2022-05-19T12:53:28.447Z-[INFO]-Server IS running on port 3000
2022-05-19T12:53:41.678Z-[INFO]-Server IS running on port 3000
2022-05-19T12:53:51.829Z-[INFO]-Server IS running on port 3000
2022-05-19T12:53:56.535Z-[INFO]-Server IS running on port 3000
2022-05-19T12:54:07.283Z-[INFO]-Server IS running on port 3000
2022-05-19T12:54:17.173Z-[INFO]-Server IS running on port 3000
2022-05-19T12:54:23.625Z-[INFO]-Server IS running on port 3000
2022-05-19T12:54:30.867Z-[INFO]-Server IS running on port 3000
2022-05-19T12:54:38.190Z-[INFO]-Server IS running on port 3000
2022-05-19T12:54:57.343Z-[INFO]-Server IS running on port 3000
2022-05-19T12:55:00.414Z-[INFO]-Server IS running on port 3000
2022-05-19T12:55:07.884Z-[INFO]-Server IS running on port 3000
2022-05-19T12:55:13.258Z-[INFO]-Server IS running on port 3000
2022-05-19T12:55:24.576Z-[INFO]-Server IS running on port 3000
2022-05-19T12:55:30.494Z-[INFO]-Server IS running on port 3000
2022-05-19T12:55:39.725Z-[INFO]-Server IS running on port 3000
2022-05-19T12:56:42.624Z-[INFO]-Server IS running on port 3000
2022-05-19T12:56:50.713Z-[ERROR]-Post ID does not exist
2022-05-19T12:56:50.723Z-[ERROR]-undefined
2022-05-19T12:57:34.171Z-[INFO]-Server IS running on port 3000
2022-05-19T12:57:37.069Z-[ERROR]-Post ID does not exist
2022-05-19T12:57:37.082Z-[ERROR]-undefined
2022-05-19T12:58:23.655Z-[INFO]-Server IS running on port 3000
2022-05-19T12:58:44.053Z-[ERROR]-Post ID does not exist
2022-05-19T12:58:44.062Z-[ERROR]-undefined
2022-05-19T13:06:23.246Z-[INFO]-Server IS running on port 3000
